\BOOKMARK [0][-]{chapter.1}{\376\377\000G\000\351\000n\000e\000s\000i\000s}{}% 1
\BOOKMARK [0][-]{chapter.2}{\376\377\000\311\000x\000o\000d\000o}{}% 2
\BOOKMARK [0][-]{chapter.3}{\376\377\000L\000e\000v\000\355\000t\000i\000c\000o}{}% 3
\BOOKMARK [0][-]{chapter.4}{\376\377\000N\000\372\000m\000e\000r\000o\000s}{}% 4
\BOOKMARK [0][-]{chapter.5}{Deuteronomio}{}% 5
\BOOKMARK [0][-]{chapter.6}{\376\377\000J\000o\000s\000u\000\351}{}% 6
\BOOKMARK [0][-]{chapter.7}{Jueces}{}% 7
\BOOKMARK [0][-]{chapter.8}{Rut}{}% 8
\BOOKMARK [0][-]{chapter.9}{1\040Samuel}{}% 9
\BOOKMARK [0][-]{chapter.10}{2\040Samuel}{}% 10
\BOOKMARK [0][-]{chapter.11}{1\040Reyes}{}% 11
\BOOKMARK [0][-]{chapter.12}{2\040Reyes}{}% 12
\BOOKMARK [0][-]{chapter.13}{\376\377\0001\000\040\000C\000r\000\363\000n\000i\000c\000a\000s}{}% 13
\BOOKMARK [0][-]{chapter.14}{\376\377\0002\000\040\000C\000r\000\363\000n\000i\000c\000a\000s}{}% 14
\BOOKMARK [0][-]{chapter.15}{Esdras}{}% 15
\BOOKMARK [0][-]{chapter.16}{\376\377\000N\000e\000h\000e\000m\000\355\000a\000s}{}% 16
\BOOKMARK [0][-]{chapter.17}{Ester}{}% 17
\BOOKMARK [0][-]{chapter.18}{Job}{}% 18
\BOOKMARK [0][-]{chapter.19}{Salmos}{}% 19
\BOOKMARK [0][-]{chapter.20}{Proverbios}{}% 20
\BOOKMARK [0][-]{chapter.21}{\376\377\000E\000c\000l\000e\000s\000i\000a\000s\000t\000\351\000s}{}% 21
\BOOKMARK [0][-]{chapter.22}{Cantares}{}% 22
\BOOKMARK [0][-]{chapter.23}{\376\377\000I\000s\000a\000\355\000a\000s}{}% 23
\BOOKMARK [0][-]{chapter.24}{\376\377\000J\000e\000r\000e\000m\000\355\000a\000s}{}% 24
\BOOKMARK [0][-]{chapter.25}{Lamentaciones}{}% 25
\BOOKMARK [0][-]{chapter.26}{Ezequiel}{}% 26
\BOOKMARK [0][-]{chapter.27}{Daniel}{}% 27
\BOOKMARK [0][-]{chapter.28}{Oseas}{}% 28
\BOOKMARK [0][-]{chapter.29}{Joel}{}% 29
\BOOKMARK [0][-]{chapter.30}{\376\377\000A\000m\000\363\000s}{}% 30
\BOOKMARK [0][-]{chapter.31}{\376\377\000A\000d\000b\000\355\000a\000s}{}% 31
\BOOKMARK [0][-]{chapter.32}{\376\377\000J\000o\000n\000\341\000s}{}% 32
\BOOKMARK [0][-]{chapter.33}{Miqueas}{}% 33
\BOOKMARK [0][-]{chapter.34}{Nahum}{}% 34
\BOOKMARK [0][-]{chapter.35}{Habacuc}{}% 35
\BOOKMARK [0][-]{chapter.36}{\376\377\000S\000o\000f\000o\000n\000\355\000a\000s}{}% 36
\BOOKMARK [0][-]{chapter.37}{Hageo}{}% 37
\BOOKMARK [0][-]{chapter.38}{\376\377\000Z\000a\000c\000a\000r\000\355\000a\000s}{}% 38
\BOOKMARK [0][-]{chapter.39}{\376\377\000M\000a\000l\000a\000q\000u\000\355\000a\000s}{}% 39
\BOOKMARK [0][-]{chapter.40}{Mateo}{}% 40
\BOOKMARK [0][-]{chapter.41}{Marcos}{}% 41
\BOOKMARK [0][-]{chapter.42}{Lucas}{}% 42
\BOOKMARK [0][-]{chapter.43}{Juan}{}% 43
\BOOKMARK [0][-]{chapter.44}{Hechos}{}% 44
\BOOKMARK [0][-]{chapter.45}{Romanos}{}% 45
\BOOKMARK [0][-]{chapter.46}{1\040Corintios}{}% 46
\BOOKMARK [0][-]{chapter.47}{2\040Corintios}{}% 47
\BOOKMARK [0][-]{chapter.48}{\376\377\000G\000\341\000l\000a\000t\000a\000s}{}% 48
\BOOKMARK [0][-]{chapter.49}{Efesios}{}% 49
\BOOKMARK [0][-]{chapter.50}{Filipenses}{}% 50
\BOOKMARK [0][-]{chapter.51}{Colosenses}{}% 51
\BOOKMARK [0][-]{chapter.52}{1\040Tesalonicenses}{}% 52
\BOOKMARK [0][-]{chapter.53}{2\040Tesalonicenses}{}% 53
\BOOKMARK [0][-]{chapter.54}{1\040Timoteo}{}% 54
\BOOKMARK [0][-]{chapter.55}{2\040Timoteo}{}% 55
\BOOKMARK [0][-]{chapter.56}{Tito}{}% 56
\BOOKMARK [0][-]{chapter.57}{\376\377\000F\000i\000l\000e\000m\000\363\000n}{}% 57
\BOOKMARK [0][-]{chapter.58}{Hebreos}{}% 58
\BOOKMARK [0][-]{chapter.59}{Santiago}{}% 59
\BOOKMARK [0][-]{chapter.60}{1\040Pedro}{}% 60
\BOOKMARK [0][-]{chapter.61}{2\040Pedro}{}% 61
\BOOKMARK [0][-]{chapter.62}{1\040Juan}{}% 62
\BOOKMARK [0][-]{chapter.63}{2\040Juan}{}% 63
\BOOKMARK [0][-]{chapter.64}{3\040Juan}{}% 64
\BOOKMARK [0][-]{chapter.65}{Judas}{}% 65
\BOOKMARK [0][-]{chapter.66}{Apocalipsis}{}% 66
