\BOOKMARK [0][-]{chapter.1}{\376\377\000G\000\351\000n\000e\000s\000i\000s}{}% 1
\BOOKMARK [0][-]{chapter.2}{\376\377\000\311\000x\000o\000d\000o}{}% 2
\BOOKMARK [0][-]{chapter.3}{\376\377\000L\000e\000v\000\355\000t\000i\000c\000o}{}% 3
\BOOKMARK [0][-]{chapter.4}{\376\377\000N\000\372\000m\000e\000r\000o\000s}{}% 4
\BOOKMARK [0][-]{chapter.5}{\376\377\000D\000e\000u\000t\000e\000r\000o\000n\000o\000m\000i\000o}{}% 5
\BOOKMARK [0][-]{chapter.6}{\376\377\000J\000o\000s\000u\000\351}{}% 6
\BOOKMARK [0][-]{chapter.7}{\376\377\000J\000u\000e\000c\000e\000s}{}% 7
\BOOKMARK [0][-]{chapter.8}{\376\377\000R\000u\000t}{}% 8
\BOOKMARK [0][-]{chapter.9}{\376\377\0001\000\040\000S\000a\000m\000u\000e\000l}{}% 9
\BOOKMARK [0][-]{chapter.10}{\376\377\0002\000\040\000S\000a\000m\000u\000e\000l}{}% 10
\BOOKMARK [0][-]{chapter.11}{\376\377\0001\000\040\000R\000e\000y\000e\000s}{}% 11
\BOOKMARK [0][-]{chapter.12}{\376\377\0002\000\040\000R\000e\000y\000e\000s}{}% 12
\BOOKMARK [0][-]{chapter.13}{\376\377\0001\000\040\000C\000r\000\363\000n\000i\000c\000a\000s}{}% 13
\BOOKMARK [0][-]{chapter.14}{\376\377\0002\000\040\000C\000r\000\363\000n\000i\000c\000a\000s}{}% 14
\BOOKMARK [0][-]{chapter.15}{\376\377\000E\000s\000d\000r\000a\000s}{}% 15
\BOOKMARK [0][-]{chapter.16}{\376\377\000N\000e\000h\000e\000m\000\355\000a\000s}{}% 16
\BOOKMARK [0][-]{chapter.17}{\376\377\000E\000s\000t\000e\000r}{}% 17
\BOOKMARK [0][-]{chapter.18}{\376\377\000J\000o\000b}{}% 18
\BOOKMARK [0][-]{chapter.19}{\376\377\000S\000a\000l\000m\000o\000s}{}% 19
\BOOKMARK [0][-]{chapter.20}{\376\377\000P\000r\000o\000v\000e\000r\000b\000i\000o\000s}{}% 20
\BOOKMARK [0][-]{chapter.21}{\376\377\000E\000c\000l\000e\000s\000i\000a\000s\000t\000\351\000s}{}% 21
\BOOKMARK [0][-]{chapter.22}{\376\377\000C\000a\000n\000t\000a\000r\000e\000s}{}% 22
\BOOKMARK [0][-]{chapter.23}{\376\377\000I\000s\000a\000\355\000a\000s}{}% 23
\BOOKMARK [0][-]{chapter.24}{\376\377\000J\000e\000r\000e\000m\000\355\000a\000s}{}% 24
\BOOKMARK [0][-]{chapter.25}{\376\377\000L\000a\000m\000e\000n\000t\000a\000c\000i\000o\000n\000e\000s}{}% 25
\BOOKMARK [0][-]{chapter.26}{\376\377\000E\000z\000e\000q\000u\000i\000e\000l}{}% 26
\BOOKMARK [0][-]{chapter.27}{\376\377\000D\000a\000n\000i\000e\000l}{}% 27
\BOOKMARK [0][-]{chapter.28}{\376\377\000O\000s\000e\000a\000s}{}% 28
\BOOKMARK [0][-]{chapter.29}{\376\377\000J\000o\000e\000l}{}% 29
\BOOKMARK [0][-]{chapter.30}{\376\377\000A\000m\000\363\000s}{}% 30
\BOOKMARK [0][-]{chapter.31}{\376\377\000A\000d\000b\000\355\000a\000s}{}% 31
\BOOKMARK [0][-]{chapter.32}{\376\377\000J\000o\000n\000\341\000s}{}% 32
\BOOKMARK [0][-]{chapter.33}{\376\377\000M\000i\000q\000u\000e\000a\000s}{}% 33
\BOOKMARK [0][-]{chapter.34}{\376\377\000N\000a\000h\000u\000m}{}% 34
\BOOKMARK [0][-]{chapter.35}{\376\377\000H\000a\000b\000a\000c\000u\000c}{}% 35
\BOOKMARK [0][-]{chapter.36}{\376\377\000S\000o\000f\000o\000n\000\355\000a\000s}{}% 36
\BOOKMARK [0][-]{chapter.37}{\376\377\000H\000a\000g\000e\000o}{}% 37
\BOOKMARK [0][-]{chapter.38}{\376\377\000Z\000a\000c\000a\000r\000\355\000a\000s}{}% 38
\BOOKMARK [0][-]{chapter.39}{\376\377\000M\000a\000l\000a\000q\000u\000\355\000a\000s}{}% 39
\BOOKMARK [0][-]{chapter.40}{\376\377\000M\000a\000t\000e\000o}{}% 40
\BOOKMARK [0][-]{chapter.41}{\376\377\000M\000a\000r\000c\000o\000s}{}% 41
\BOOKMARK [0][-]{chapter.42}{\376\377\000L\000u\000c\000a\000s}{}% 42
\BOOKMARK [0][-]{chapter.43}{\376\377\000J\000u\000a\000n}{}% 43
\BOOKMARK [0][-]{chapter.44}{\376\377\000H\000e\000c\000h\000o\000s}{}% 44
\BOOKMARK [0][-]{chapter.45}{\376\377\000R\000o\000m\000a\000n\000o\000s}{}% 45
\BOOKMARK [0][-]{chapter.46}{\376\377\0001\000\040\000C\000o\000r\000i\000n\000t\000i\000o\000s}{}% 46
\BOOKMARK [0][-]{chapter.47}{\376\377\0002\000\040\000C\000o\000r\000i\000n\000t\000i\000o\000s}{}% 47
\BOOKMARK [0][-]{chapter.48}{\376\377\000G\000\341\000l\000a\000t\000a\000s}{}% 48
\BOOKMARK [0][-]{chapter.49}{\376\377\000E\000f\000e\000s\000i\000o\000s}{}% 49
\BOOKMARK [0][-]{chapter.50}{\376\377\000F\000i\000l\000i\000p\000e\000n\000s\000e\000s}{}% 50
\BOOKMARK [0][-]{chapter.51}{\376\377\000C\000o\000l\000o\000s\000e\000n\000s\000e\000s}{}% 51
\BOOKMARK [0][-]{chapter.52}{\376\377\0001\000\040\000T\000e\000s\000a\000l\000o\000n\000i\000c\000e\000n\000s\000e\000s}{}% 52
\BOOKMARK [0][-]{chapter.53}{\376\377\0002\000\040\000T\000e\000s\000a\000l\000o\000n\000i\000c\000e\000n\000s\000e\000s}{}% 53
\BOOKMARK [0][-]{chapter.54}{\376\377\0001\000\040\000T\000i\000m\000o\000t\000e\000o}{}% 54
\BOOKMARK [0][-]{chapter.55}{\376\377\0002\000\040\000T\000i\000m\000o\000t\000e\000o}{}% 55
\BOOKMARK [0][-]{chapter.56}{\376\377\000T\000i\000t\000o}{}% 56
\BOOKMARK [0][-]{chapter.57}{\376\377\000F\000i\000l\000e\000m\000\363\000n}{}% 57
\BOOKMARK [0][-]{chapter.58}{\376\377\000H\000e\000b\000r\000e\000o\000s}{}% 58
\BOOKMARK [0][-]{chapter.59}{\376\377\000S\000a\000n\000t\000i\000a\000g\000o}{}% 59
\BOOKMARK [0][-]{chapter.60}{\376\377\0001\000\040\000P\000e\000d\000r\000o}{}% 60
\BOOKMARK [0][-]{chapter.61}{\376\377\0002\000\040\000P\000e\000d\000r\000o}{}% 61
\BOOKMARK [0][-]{chapter.62}{\376\377\0001\000\040\000J\000u\000a\000n}{}% 62
\BOOKMARK [0][-]{chapter.63}{\376\377\0002\000\040\000J\000u\000a\000n}{}% 63
\BOOKMARK [0][-]{chapter.64}{\376\377\0003\000\040\000J\000u\000a\000n}{}% 64
\BOOKMARK [0][-]{chapter.65}{\376\377\000J\000u\000d\000a\000s}{}% 65
\BOOKMARK [0][-]{chapter.66}{\376\377\000A\000p\000o\000c\000a\000l\000i\000p\000s\000i\000s}{}% 66
